# JRE version: OpenJDK Runtime Environment (8.0_152-b01) (build 1.8.0_152-release-1248-b01)
# Java VM: OpenJDK 64-Bit Server VM (25.152-b01 mixed mode windows-amd64 compressed oops)
Heap:
 PSYoungGen      total 425472K, used 349030K [0x00000000e0000000, 0x0000000100000000, 0x0000000100000000)
  eden space 335872K, 84% used [0x00000000e0000000,0x00000000f154f4c0,0x00000000f4800000)
  from space 89600K, 72% used [0x00000000fa880000,0x00000000fe80a538,0x0000000100000000)
  to   space 94208K, 0% used [0x00000000f4800000,0x00000000f4800000,0x00000000fa400000)
 ParOldGen       total 257024K, used 79272K [0x00000000a0000000, 0x00000000afb00000, 0x00000000e0000000)
  object space 257024K, 30% used [0x00000000a0000000,0x00000000a4d6a000,0x00000000afb00000)
 Metaspace       used 190041K, capacity 199494K, committed 199664K, reserved 1222656K
  class space    used 23665K, capacity 25484K, committed 25584K, reserved 1048576K
GC Heap History (10 events):
Event: 7535.755 GC heap before
{Heap before GC invocations=45 (full 5):
 PSYoungGen      total 413184K, used 68066K [0x00000000e0000000, 0x0000000100000000, 0x0000000100000000)
  eden space 345088K, 0% used [0x00000000e0000000,0x00000000e0000000,0x00000000f5100000)
  from space 68096K, 99% used [0x00000000fbd80000,0x00000000ffff88d8,0x0000000100000000)
  to   space 89600K, 0% used [0x00000000f5100000,0x00000000f5100000,0x00000000fa880000)
 ParOldGen       total 191488K, used 93558K [0x00000000a0000000, 0x00000000abb00000, 0x00000000e0000000)
  object space 191488K, 48% used [0x00000000a0000000,0x00000000a5b5d908,0x00000000abb00000)
 Metaspace       used 155730K, capacity 164230K, committed 164336K, reserved 1191936K
  class space    used 19517K, capacity 21173K, committed 21232K, reserved 1048576K
Event: 7536.166 GC heap after
Heap after GC invocations=45 (full 5):
 PSYoungGen      total 413184K, used 0K [0x00000000e0000000, 0x0000000100000000, 0x0000000100000000)
  eden space 345088K, 0% used [0x00000000e0000000,0x00000000e0000000,0x00000000f5100000)
  from space 68096K, 0% used [0x00000000fbd80000,0x00000000fbd80000,0x0000000100000000)
  to   space 89600K, 0% used [0x00000000f5100000,0x00000000f5100000,0x00000000fa880000)
 ParOldGen       total 257024K, used 79240K [0x00000000a0000000, 0x00000000afb00000, 0x00000000e0000000)
  object space 257024K, 30% used [0x00000000a0000000,0x00000000a4d62000,0x00000000afb00000)
 Metaspace       used 152395K, capacity 158604K, committed 164336K, reserved 1191936K
  class space    used 18878K, capacity 20091K, committed 21232K, reserved 1048576K
}
Event: 7542.274 GC heap before
{Heap before GC invocations=46 (full 5):
 PSYoungGen      total 413184K, used 345088K [0x00000000e0000000, 0x0000000100000000, 0x0000000100000000)
  eden space 345088K, 100% used [0x00000000e0000000,0x00000000f5100000,0x00000000f5100000)
  from space 68096K, 0% used [0x00000000fbd80000,0x00000000fbd80000,0x0000000100000000)
  to   space 89600K, 0% used [0x00000000f5100000,0x00000000f5100000,0x00000000fa880000)
 ParOldGen       total 257024K, used 79240K [0x00000000a0000000, 0x00000000afb00000, 0x00000000e0000000)
  object space 257024K, 30% used [0x00000000a0000000,0x00000000a4d62000,0x00000000afb00000)
 Metaspace       used 164803K, capacity 171974K, committed 174960K, reserved 1202176K
  class space    used 20627K, capacity 22004K, committed 22640K, reserved 1048576K
Event: 7542.314 GC heap after
Heap after GC invocations=46 (full 5):
 PSYoungGen      total 434688K, used 35923K [0x00000000e0000000, 0x0000000100000000, 0x0000000100000000)
  eden space 345088K, 0% used [0x00000000e0000000,0x00000000e0000000,0x00000000f5100000)
  from space 89600K, 40% used [0x00000000f5100000,0x00000000f7414c90,0x00000000fa880000)
  to   space 84480K, 0% used [0x00000000fad80000,0x00000000fad80000,0x0000000100000000)
 ParOldGen       total 257024K, used 79248K [0x00000000a0000000, 0x00000000afb00000, 0x00000000e0000000)
  object space 257024K, 30% used [0x00000000a0000000,0x00000000a4d64000,0x00000000afb00000)
 Metaspace       used 164803K, capacity 171974K, committed 174960K, reserved 1202176K
  class space    used 20627K, capacity 22004K, committed 22640K, reserved 1048576K
}
Event: 7685.222 GC heap before
{Heap before GC invocations=47 (full 5):
 PSYoungGen      total 434688K, used 381011K [0x00000000e0000000, 0x0000000100000000, 0x0000000100000000)
  eden space 345088K, 100% used [0x00000000e0000000,0x00000000f5100000,0x00000000f5100000)
  from space 89600K, 40% used [0x00000000f5100000,0x00000000f7414c90,0x00000000fa880000)
  to   space 84480K, 0% used [0x00000000fad80000,0x00000000fad80000,0x0000000100000000)
 ParOldGen       total 257024K, used 79248K [0x00000000a0000000, 0x00000000afb00000, 0x00000000e0000000)
  object space 257024K, 30% used [0x00000000a0000000,0x00000000a4d64000,0x00000000afb00000)
 Metaspace       used 175354K, capacity 183218K, committed 184560K, reserved 1210368K
  class space    used 21803K, capacity 23300K, committed 23536K, reserved 1048576K
Event: 7685.270 GC heap after
Heap after GC invocations=47 (full 5):
 PSYoungGen      total 430592K, used 60263K [0x00000000e0000000, 0x0000000100000000, 0x0000000100000000)
  eden space 346112K, 0% used [0x00000000e0000000,0x00000000e0000000,0x00000000f5200000)
  from space 84480K, 71% used [0x00000000fad80000,0x00000000fe859fb0,0x0000000100000000)
  to   space 89088K, 0% used [0x00000000f5200000,0x00000000f5200000,0x00000000fa900000)
 ParOldGen       total 257024K, used 79256K [0x00000000a0000000, 0x00000000afb00000, 0x00000000e0000000)
  object space 257024K, 30% used [0x00000000a0000000,0x00000000a4d66000,0x00000000afb00000)
 Metaspace       used 175354K, capacity 183218K, committed 184560K, reserved 1210368K
  class space    used 21803K, capacity 23300K, committed 23536K, reserved 1048576K
}
Event: 7691.576 GC heap before
{Heap before GC invocations=48 (full 5):
 PSYoungGen      total 430592K, used 406375K [0x00000000e0000000, 0x0000000100000000, 0x0000000100000000)
  eden space 346112K, 100% used [0x00000000e0000000,0x00000000f5200000,0x00000000f5200000)
  from space 84480K, 71% used [0x00000000fad80000,0x00000000fe859fb0,0x0000000100000000)
  to   space 89088K, 0% used [0x00000000f5200000,0x00000000f5200000,0x00000000fa900000)
 ParOldGen       total 257024K, used 79256K [0x00000000a0000000, 0x00000000afb00000, 0x00000000e0000000)
  object space 257024K, 30% used [0x00000000a0000000,0x00000000a4d66000,0x00000000afb00000)
 Metaspace       used 183107K, capacity 191768K, committed 192368K, reserved 1216512K
  class space    used 22955K, capacity 24596K, committed 24688K, reserved 1048576K
Event: 7691.687 GC heap after
Heap after GC invocations=48 (full 5):
 PSYoungGen      total 399360K, used 53224K [0x00000000e0000000, 0x0000000100000000, 0x0000000100000000)
  eden space 346112K, 0% used [0x00000000e0000000,0x00000000e0000000,0x00000000f5200000)
  from space 53248K, 99% used [0x00000000f5200000,0x00000000f85fa128,0x00000000f8600000)
  to   space 89600K, 0% used [0x00000000fa880000,0x00000000fa880000,0x0000000100000000)
 ParOldGen       total 257024K, used 79264K [0x00000000a0000000, 0x00000000afb00000, 0x00000000e0000000)
  object space 257024K, 30% used [0x00000000a0000000,0x00000000a4d68000,0x00000000afb00000)
 Metaspace       used 183107K, capacity 191768K, committed 192368K, reserved 1216512K
  class space    used 22955K, capacity 24596K, committed 24688K, reserved 1048576K
}
Event: 7782.636 GC heap before
{Heap before GC invocations=49 (full 5):
 PSYoungGen      total 399360K, used 399336K [0x00000000e0000000, 0x0000000100000000, 0x0000000100000000)
  eden space 346112K, 100% used [0x00000000e0000000,0x00000000f5200000,0x00000000f5200000)
  from space 53248K, 99% used [0x00000000f5200000,0x00000000f85fa128,0x00000000f8600000)
  to   space 89600K, 0% used [0x00000000fa880000,0x00000000fa880000,0x0000000100000000)
 ParOldGen       total 257024K, used 79264K [0x00000000a0000000, 0x00000000afb00000, 0x00000000e0000000)
  object space 257024K, 30% used [0x00000000a0000000,0x00000000a4d68000,0x00000000afb00000)
 Metaspace       used 187565K, capacity 196964K, committed 196976K, reserved 1220608K
  class space    used 23400K, capacity 25191K, committed 25200K, reserved 1048576K
Event: 7782.713 GC heap after
Heap after GC invocations=49 (full 5):
 PSYoungGen      total 425472K, used 65065K [0x00000000e0000000, 0x0000000100000000, 0x0000000100000000)
  eden space 335872K, 0% used [0x00000000e0000000,0x00000000e0000000,0x00000000f4800000)
  from space 89600K, 72% used [0x00000000fa880000,0x00000000fe80a538,0x0000000100000000)
  to   space 94208K, 0% used [0x00000000f4800000,0x00000000f4800000,0x00000000fa400000)
 ParOldGen       total 257024K, used 79272K [0x00000000a0000000, 0x00000000afb00000, 0x00000000e0000000)
  object space 257024K, 30% used [0x00000000a0000000,0x00000000a4d6a000,0x00000000afb00000)
 Metaspace       used 187565K, capacity 196964K, committed 196976K, reserved 1220608K
  class space    used 23400K, capacity 25191K, committed 25200K, reserved 1048576K
}

