# JRE version: OpenJDK Runtime Environment (8.0_152-b01) (build 1.8.0_152-release-1248-b01)
# Java VM: OpenJDK 64-Bit Server VM (25.152-b01 mixed mode windows-amd64 compressed oops)
Heap:
 PSYoungGen      total 327168K, used 286022K [0x00000000e0000000, 0x00000000f6400000, 0x0000000100000000)
  eden space 303104K, 92% used [0x00000000e0000000,0x00000000f10d4cb8,0x00000000f2800000)
  from space 24064K, 27% used [0x00000000f4c80000,0x00000000f52fcd90,0x00000000f6400000)
  to   space 30720K, 0% used [0x00000000f2800000,0x00000000f2800000,0x00000000f4600000)
 ParOldGen       total 123904K, used 81746K [0x00000000a0000000, 0x00000000a7900000, 0x00000000e0000000)
  object space 123904K, 65% used [0x00000000a0000000,0x00000000a4fd4bf0,0x00000000a7900000)
 Metaspace       used 87616K, capacity 91216K, committed 91520K, reserved 1128448K
  class space    used 11038K, capacity 11799K, committed 11904K, reserved 1048576K
GC Heap History (10 events):
Event: 355.881 GC heap before
{Heap before GC invocations=21 (full 3):
 PSYoungGen      total 283136K, used 275079K [0x00000000e0000000, 0x00000000f3900000, 0x0000000100000000)
  eden space 249856K, 99% used [0x00000000e0000000,0x00000000ef3036e0,0x00000000ef400000)
  from space 33280K, 78% used [0x00000000ef400000,0x00000000f0d9e668,0x00000000f1480000)
  to   space 23552K, 0% used [0x00000000f1480000,0x00000000f1480000,0x00000000f2b80000)
 ParOldGen       total 123904K, used 65469K [0x00000000a0000000, 0x00000000a7900000, 0x00000000e0000000)
  object space 123904K, 52% used [0x00000000a0000000,0x00000000a3fef758,0x00000000a7900000)
 Metaspace       used 74951K, capacity 77248K, committed 77568K, reserved 1116160K
  class space    used 9579K, capacity 10147K, committed 10240K, reserved 1048576K
Event: 355.914 GC heap after
Heap after GC invocations=21 (full 3):
 PSYoungGen      total 272896K, used 13028K [0x00000000e0000000, 0x00000000f6c80000, 0x0000000100000000)
  eden space 249344K, 0% used [0x00000000e0000000,0x00000000e0000000,0x00000000ef380000)
  from space 23552K, 55% used [0x00000000f1480000,0x00000000f2139298,0x00000000f2b80000)
  to   space 33792K, 0% used [0x00000000ef380000,0x00000000ef380000,0x00000000f1480000)
 ParOldGen       total 123904K, used 69915K [0x00000000a0000000, 0x00000000a7900000, 0x00000000e0000000)
  object space 123904K, 56% used [0x00000000a0000000,0x00000000a4446f18,0x00000000a7900000)
 Metaspace       used 74951K, capacity 77248K, committed 77568K, reserved 1116160K
  class space    used 9579K, capacity 10147K, committed 10240K, reserved 1048576K
}
Event: 355.964 GC heap before
{Heap before GC invocations=22 (full 3):
 PSYoungGen      total 272896K, used 261487K [0x00000000e0000000, 0x00000000f6c80000, 0x0000000100000000)
  eden space 249344K, 99% used [0x00000000e0000000,0x00000000ef2a2bd0,0x00000000ef380000)
  from space 23552K, 55% used [0x00000000f1480000,0x00000000f2139298,0x00000000f2b80000)
  to   space 33792K, 0% used [0x00000000ef380000,0x00000000ef380000,0x00000000f1480000)
 ParOldGen       total 123904K, used 69915K [0x00000000a0000000, 0x00000000a7900000, 0x00000000e0000000)
  object space 123904K, 56% used [0x00000000a0000000,0x00000000a4446f18,0x00000000a7900000)
 Metaspace       used 74970K, capacity 77312K, committed 77568K, reserved 1116160K
  class space    used 9579K, capacity 10147K, committed 10240K, reserved 1048576K
Event: 355.977 GC heap after
Heap after GC invocations=22 (full 3):
 PSYoungGen      total 283136K, used 64K [0x00000000e0000000, 0x00000000f6c80000, 0x0000000100000000)
  eden space 249344K, 0% used [0x00000000e0000000,0x00000000e0000000,0x00000000ef380000)
  from space 33792K, 0% used [0x00000000ef380000,0x00000000ef390000,0x00000000f1480000)
  to   space 23552K, 0% used [0x00000000f1480000,0x00000000f1480000,0x00000000f2b80000)
 ParOldGen       total 123904K, used 77767K [0x00000000a0000000, 0x00000000a7900000, 0x00000000e0000000)
  object space 123904K, 62% used [0x00000000a0000000,0x00000000a4bf1f28,0x00000000a7900000)
 Metaspace       used 74970K, capacity 77312K, committed 77568K, reserved 1116160K
  class space    used 9579K, capacity 10147K, committed 10240K, reserved 1048576K
}
Event: 361.007 GC heap before
{Heap before GC invocations=23 (full 3):
 PSYoungGen      total 283136K, used 249408K [0x00000000e0000000, 0x00000000f6c80000, 0x0000000100000000)
  eden space 249344K, 100% used [0x00000000e0000000,0x00000000ef380000,0x00000000ef380000)
  from space 33792K, 0% used [0x00000000ef380000,0x00000000ef390000,0x00000000f1480000)
  to   space 23552K, 0% used [0x00000000f1480000,0x00000000f1480000,0x00000000f2b80000)
 ParOldGen       total 123904K, used 77767K [0x00000000a0000000, 0x00000000a7900000, 0x00000000e0000000)
  object space 123904K, 62% used [0x00000000a0000000,0x00000000a4bf1f28,0x00000000a7900000)
 Metaspace       used 76023K, capacity 78582K, committed 78720K, reserved 1118208K
  class space    used 9727K, capacity 10344K, committed 10368K, reserved 1048576K
Event: 361.015 GC heap after
Heap after GC invocations=23 (full 3):
 PSYoungGen      total 273408K, used 5792K [0x00000000e0000000, 0x00000000f7400000, 0x0000000100000000)
  eden space 249856K, 0% used [0x00000000e0000000,0x00000000e0000000,0x00000000ef400000)
  from space 23552K, 24% used [0x00000000f1480000,0x00000000f1a283b8,0x00000000f2b80000)
  to   space 33280K, 0% used [0x00000000ef400000,0x00000000ef400000,0x00000000f1480000)
 ParOldGen       total 123904K, used 77807K [0x00000000a0000000, 0x00000000a7900000, 0x00000000e0000000)
  object space 123904K, 62% used [0x00000000a0000000,0x00000000a4bfbf28,0x00000000a7900000)
 Metaspace       used 76023K, capacity 78582K, committed 78720K, reserved 1118208K
  class space    used 9727K, capacity 10344K, committed 10368K, reserved 1048576K
}
Event: 366.494 GC heap before
{Heap before GC invocations=24 (full 3):
 PSYoungGen      total 273408K, used 255648K [0x00000000e0000000, 0x00000000f7400000, 0x0000000100000000)
  eden space 249856K, 100% used [0x00000000e0000000,0x00000000ef400000,0x00000000ef400000)
  from space 23552K, 24% used [0x00000000f1480000,0x00000000f1a283b8,0x00000000f2b80000)
  to   space 33280K, 0% used [0x00000000ef400000,0x00000000ef400000,0x00000000f1480000)
 ParOldGen       total 123904K, used 77807K [0x00000000a0000000, 0x00000000a7900000, 0x00000000e0000000)
  object space 123904K, 62% used [0x00000000a0000000,0x00000000a4bfbf28,0x00000000a7900000)
 Metaspace       used 85202K, capacity 88592K, committed 88704K, reserved 1126400K
  class space    used 10862K, capacity 11603K, committed 11648K, reserved 1048576K
Event: 366.519 GC heap after
Heap after GC invocations=24 (full 3):
 PSYoungGen      total 283136K, used 12817K [0x00000000e0000000, 0x00000000f6b80000, 0x0000000100000000)
  eden space 249856K, 0% used [0x00000000e0000000,0x00000000e0000000,0x00000000ef400000)
  from space 33280K, 38% used [0x00000000ef400000,0x00000000f0084598,0x00000000f1480000)
  to   space 31744K, 0% used [0x00000000f4c80000,0x00000000f4c80000,0x00000000f6b80000)
 ParOldGen       total 123904K, used 79006K [0x00000000a0000000, 0x00000000a7900000, 0x00000000e0000000)
  object space 123904K, 63% used [0x00000000a0000000,0x00000000a4d27b70,0x00000000a7900000)
 Metaspace       used 85202K, capacity 88592K, committed 88704K, reserved 1126400K
  class space    used 10862K, capacity 11603K, committed 11648K, reserved 1048576K
}
Event: 372.334 GC heap before
{Heap before GC invocations=25 (full 3):
 PSYoungGen      total 283136K, used 262673K [0x00000000e0000000, 0x00000000f6b80000, 0x0000000100000000)
  eden space 249856K, 100% used [0x00000000e0000000,0x00000000ef400000,0x00000000ef400000)
  from space 33280K, 38% used [0x00000000ef400000,0x00000000f0084598,0x00000000f1480000)
  to   space 31744K, 0% used [0x00000000f4c80000,0x00000000f4c80000,0x00000000f6b80000)
 ParOldGen       total 123904K, used 79006K [0x00000000a0000000, 0x00000000a7900000, 0x00000000e0000000)
  object space 123904K, 63% used [0x00000000a0000000,0x00000000a4d27b70,0x00000000a7900000)
 Metaspace       used 86369K, capacity 89922K, committed 90112K, reserved 1128448K
  class space    used 10903K, capacity 11652K, committed 11776K, reserved 1048576K
Event: 372.369 GC heap after
Heap after GC invocations=25 (full 3):
 PSYoungGen      total 327168K, used 6643K [0x00000000e0000000, 0x00000000f6400000, 0x0000000100000000)
  eden space 303104K, 0% used [0x00000000e0000000,0x00000000e0000000,0x00000000f2800000)
  from space 24064K, 27% used [0x00000000f4c80000,0x00000000f52fcd90,0x00000000f6400000)
  to   space 30720K, 0% used [0x00000000f2800000,0x00000000f2800000,0x00000000f4600000)
 ParOldGen       total 123904K, used 81746K [0x00000000a0000000, 0x00000000a7900000, 0x00000000e0000000)
  object space 123904K, 65% used [0x00000000a0000000,0x00000000a4fd4bf0,0x00000000a7900000)
 Metaspace       used 86369K, capacity 89922K, committed 90112K, reserved 1128448K
  class space    used 10903K, capacity 11652K, committed 11776K, reserved 1048576K
}

